D:\$代码\KINDLEHELPER-MASTER\KINDLEHELPER-MASTER\KINDLEHELPER.PLUGIN.CPPPLUGIN\DEBUG\.NETFRAMEWORK,VERSION=V4.0.ASSEMBLYATTRIBUTES.OBJ
D:\$代码\KINDLEHELPER-MASTER\KINDLEHELPER-MASTER\KINDLEHELPER.PLUGIN.CPPPLUGIN\DEBUG\APP.RES
D:\$代码\KINDLEHELPER-MASTER\KINDLEHELPER-MASTER\KINDLEHELPER.PLUGIN.CPPPLUGIN\DEBUG\ASSEMBLYINFO.OBJ
D:\$代码\KindleHelper-master\KindleHelper-master\KindleHelper.Plugin.CPPPlugin\Debug\cl.command.1.tlog
D:\$代码\KindleHelper-master\KindleHelper-master\KindleHelper.Plugin.CPPPlugin\Debug\CL.read.1.tlog
D:\$代码\KindleHelper-master\KindleHelper-master\KindleHelper.Plugin.CPPPlugin\Debug\CL.write.1.tlog
D:\$代码\KINDLEHELPER-MASTER\KINDLEHELPER-MASTER\KINDLEHELPER.PLUGIN.CPPPLUGIN\DEBUG\KINDLEHELPER.PLUGIN.CPPPLUGIN.DLL.INTERMEDIATE.MANIFEST
D:\$代码\KINDLEHELPER-MASTER\KINDLEHELPER-MASTER\KINDLEHELPER.PLUGIN.CPPPLUGIN\DEBUG\KINDLEHELPER.PLUGIN.CPPPLUGIN.OBJ
D:\$代码\KINDLEHELPER-MASTER\KINDLEHELPER-MASTER\KINDLEHELPER.PLUGIN.CPPPLUGIN\DEBUG\KINDLEHELPER.PLUGIN.CPPPLUGIN.PCH
D:\$代码\KindleHelper-master\KindleHelper-master\KindleHelper.Plugin.CPPPlugin\Debug\KindleHelper.Plugin.CPPPlugin.vcxprojResolveAssemblyReference.cache
D:\$代码\KindleHelper-master\KindleHelper-master\KindleHelper.Plugin.CPPPlugin\Debug\KindleHelper.Plugin.CPPPlugin.write.1.tlog
D:\$代码\KindleHelper-master\KindleHelper-master\KindleHelper.Plugin.CPPPlugin\Debug\KINDLEHELPER.PLUGIN.INTERFACE.DLL.metagen
D:\$代码\KindleHelper-master\KindleHelper-master\KindleHelper.Plugin.CPPPlugin\Debug\link.11332.read.1.tlog
D:\$代码\KindleHelper-master\KindleHelper-master\KindleHelper.Plugin.CPPPlugin\Debug\link.11332.write.1.tlog
D:\$代码\KindleHelper-master\KindleHelper-master\KindleHelper.Plugin.CPPPlugin\Debug\link.11332-cvtres.read.1.tlog
D:\$代码\KindleHelper-master\KindleHelper-master\KindleHelper.Plugin.CPPPlugin\Debug\link.11332-cvtres.write.1.tlog
D:\$代码\KindleHelper-master\KindleHelper-master\KindleHelper.Plugin.CPPPlugin\Debug\link.11892.read.1.tlog
D:\$代码\KindleHelper-master\KindleHelper-master\KindleHelper.Plugin.CPPPlugin\Debug\link.11892.write.1.tlog
D:\$代码\KindleHelper-master\KindleHelper-master\KindleHelper.Plugin.CPPPlugin\Debug\link.11892-cvtres.read.1.tlog
D:\$代码\KindleHelper-master\KindleHelper-master\KindleHelper.Plugin.CPPPlugin\Debug\link.11892-cvtres.write.1.tlog
D:\$代码\KindleHelper-master\KindleHelper-master\KindleHelper.Plugin.CPPPlugin\Debug\link.2680.read.1.tlog
D:\$代码\KindleHelper-master\KindleHelper-master\KindleHelper.Plugin.CPPPlugin\Debug\link.2680.write.1.tlog
D:\$代码\KindleHelper-master\KindleHelper-master\KindleHelper.Plugin.CPPPlugin\Debug\link.2680-cvtres.read.1.tlog
D:\$代码\KindleHelper-master\KindleHelper-master\KindleHelper.Plugin.CPPPlugin\Debug\link.2680-cvtres.write.1.tlog
D:\$代码\KindleHelper-master\KindleHelper-master\KindleHelper.Plugin.CPPPlugin\Debug\link.4252.read.1.tlog
D:\$代码\KindleHelper-master\KindleHelper-master\KindleHelper.Plugin.CPPPlugin\Debug\link.4252.write.1.tlog
D:\$代码\KindleHelper-master\KindleHelper-master\KindleHelper.Plugin.CPPPlugin\Debug\link.4252-cvtres.read.1.tlog
D:\$代码\KindleHelper-master\KindleHelper-master\KindleHelper.Plugin.CPPPlugin\Debug\link.4252-cvtres.write.1.tlog
D:\$代码\KindleHelper-master\KindleHelper-master\KindleHelper.Plugin.CPPPlugin\Debug\link.7328.read.1.tlog
D:\$代码\KindleHelper-master\KindleHelper-master\KindleHelper.Plugin.CPPPlugin\Debug\link.7328.write.1.tlog
D:\$代码\KindleHelper-master\KindleHelper-master\KindleHelper.Plugin.CPPPlugin\Debug\link.7328-cvtres.read.1.tlog
D:\$代码\KindleHelper-master\KindleHelper-master\KindleHelper.Plugin.CPPPlugin\Debug\link.7328-cvtres.write.1.tlog
D:\$代码\KindleHelper-master\KindleHelper-master\KindleHelper.Plugin.CPPPlugin\Debug\link.8856.read.1.tlog
D:\$代码\KindleHelper-master\KindleHelper-master\KindleHelper.Plugin.CPPPlugin\Debug\link.8856.write.1.tlog
D:\$代码\KindleHelper-master\KindleHelper-master\KindleHelper.Plugin.CPPPlugin\Debug\link.8856-cvtres.read.1.tlog
D:\$代码\KindleHelper-master\KindleHelper-master\KindleHelper.Plugin.CPPPlugin\Debug\link.8856-cvtres.write.1.tlog
D:\$代码\KindleHelper-master\KindleHelper-master\KindleHelper.Plugin.CPPPlugin\Debug\link.command.1.tlog
D:\$代码\KindleHelper-master\KindleHelper-master\KindleHelper.Plugin.CPPPlugin\Debug\link.read.1.tlog
D:\$代码\KindleHelper-master\KindleHelper-master\KindleHelper.Plugin.CPPPlugin\Debug\link.write.1.tlog
D:\$代码\KindleHelper-master\KindleHelper-master\KindleHelper.Plugin.CPPPlugin\Debug\metagen.read.1.tlog
D:\$代码\KINDLEHELPER-MASTER\KINDLEHELPER-MASTER\KINDLEHELPER.PLUGIN.CPPPLUGIN\DEBUG\METAGEN.WRITE.1.TLOG
D:\$代码\KindleHelper-master\KindleHelper-master\KindleHelper.Plugin.CPPPlugin\Debug\mt.command.1.tlog
D:\$代码\KindleHelper-master\KindleHelper-master\KindleHelper.Plugin.CPPPlugin\Debug\mt.read.1.tlog
D:\$代码\KindleHelper-master\KindleHelper-master\KindleHelper.Plugin.CPPPlugin\Debug\mt.write.1.tlog
D:\$代码\KindleHelper-master\KindleHelper-master\KindleHelper.Plugin.CPPPlugin\Debug\rc.command.1.tlog
D:\$代码\KindleHelper-master\KindleHelper-master\KindleHelper.Plugin.CPPPlugin\Debug\rc.read.1.tlog
D:\$代码\KindleHelper-master\KindleHelper-master\KindleHelper.Plugin.CPPPlugin\Debug\rc.write.1.tlog
D:\$代码\KINDLEHELPER-MASTER\KINDLEHELPER-MASTER\KINDLEHELPER.PLUGIN.CPPPLUGIN\DEBUG\STDAFX.OBJ
D:\$代码\KindleHelper-master\KindleHelper-master\KindleHelper.Plugin.CPPPlugin\Debug\TZRES.DLL.bi
D:\$代码\KINDLEHELPER-MASTER\KINDLEHELPER-MASTER\KINDLEHELPER.PLUGIN.CPPPLUGIN\DEBUG\VC100.PDB
D:\$代码\KINDLEHELPER-MASTER\KINDLEHELPER-MASTER\PUBLISH VERSION\PLUGIN\KINDLEHELPER.PLUGIN.CPPPLUGIN.DLL
D:\$代码\KINDLEHELPER-MASTER\KINDLEHELPER-MASTER\PUBLISH VERSION\PLUGIN\KINDLEHELPER.PLUGIN.CPPPLUGIN.ILK
D:\$代码\KINDLEHELPER-MASTER\KINDLEHELPER-MASTER\PUBLISH VERSION\PLUGIN\KINDLEHELPER.PLUGIN.CPPPLUGIN.PDB
D:\$代码\KindleHelper-master\KindleHelper-master\Publish Version\plugin\KindleHelper.Plugin.Interface.dll
D:\$代码\KindleHelper-master\KindleHelper-master\Publish Version\plugin\KindleHelper.Plugin.Interface.pdb
